[34mℹ[39m [90m｢wds｣[39m: Project is running at http://172.18.194.194/
[34mℹ[39m [90m｢wds｣[39m: webpack output is served from /
[34mℹ[39m [90m｢wds｣[39m: Content not from webpack is served from /home/furo/web/react_todo/furo_blog/public
[34mℹ[39m [90m｢wds｣[39m: 404s will fallback to /index.html
Starting the development server...

Compiled with warnings.

./src/App.js
  Line 2:42:  'Link' is defined but never used  no-unused-vars
  Line 6:8:   'logo' is defined but never used  no-unused-vars

./src/pages/home/home.jsx
  Line 4:10:  'Clock' is defined but never used  no-unused-vars

Search for the keywords to learn more about each warning.
To ignore, add // eslint-disable-next-line to the line before.

Compiling...
Failed to compile.

./src/pages/onlineEdit/onlineEdit.jsx
  Line 37:9:  'porps' is not defined                                                 no-undef
  Line 46:2:  Your render method should have return statement                        react/require-render-return
  Line 49:3:  Expected an assignment or function call and instead saw an expression  no-unused-expressions

Search for the keywords to learn more about each error.
Compiling...
Failed to compile.

./src/pages/onlineEdit/onlineEdit.jsx
  Line 46:2:  Your render method should have return statement                        react/require-render-return
  Line 49:3:  Expected an assignment or function call and instead saw an expression  no-unused-expressions

Search for the keywords to learn more about each error.
Compiling...
Compiled with warnings.

./src/pages/onlineEdit/onlineEdit.jsx
  Line 22:2:  Useless constructor  no-useless-constructor

./src/App.js
  Line 2:42:  'Link' is defined but never used  no-unused-vars
  Line 7:8:   'logo' is defined but never used  no-unused-vars

./src/pages/home/home.jsx
  Line 4:10:  'Clock' is defined but never used  no-unused-vars

Search for the keywords to learn more about each warning.
To ignore, add // eslint-disable-next-line to the line before.

Compiling...
Failed to compile.

./src/pages/home/home.jsx
Module not found: Can't resolve './pages/onlineEdit/onlineEdit' in '/home/furo/web/react_todo/furo_blog/src/pages/home'
Compiling...
Failed to compile.

./src/App.js
Attempted import error: 'MdImmParse' is not exported from './pages/onlineEdit/onlineEdit'.
Compiling...
Failed to compile.

./src/pages/home/home.jsx
Module not found: Can't resolve './pages/onlineEdit/onlineEdit' in '/home/furo/web/react_todo/furo_blog/src/pages/home'
Compiling...
Compiled with warnings.

./src/pages/onlineEdit/onlineEdit.jsx
  Line 22:2:  Useless constructor  no-useless-constructor

./src/App.js
  Line 2:42:  'Link' is defined but never used  no-unused-vars
  Line 7:8:   'logo' is defined but never used  no-unused-vars

./src/pages/home/home.jsx
  Line 4:10:  'Clock' is defined but never used         no-unused-vars
  Line 6:22:  'MarkdownText' is defined but never used  no-unused-vars

Search for the keywords to learn more about each warning.
To ignore, add // eslint-disable-next-line to the line before.

Compiling...
Compiled with warnings.

./src/pages/onlineEdit/onlineEdit.jsx
  Line 22:2:  Useless constructor  no-useless-constructor

./src/App.js
  Line 2:42:  'Link' is defined but never used  no-unused-vars
  Line 7:8:   'logo' is defined but never used  no-unused-vars

./src/pages/home/home.jsx
  Line 4:10:  'Clock' is defined but never used         no-unused-vars
  Line 6:22:  'MarkdownText' is defined but never used  no-unused-vars

Search for the keywords to learn more about each warning.
To ignore, add // eslint-disable-next-line to the line before.

Compiling...
Compiled with warnings.

./src/pages/onlineEdit/onlineEdit.jsx
  Line 23:2:  Useless constructor  no-useless-constructor

./src/App.js
  Line 2:42:  'Link' is defined but never used  no-unused-vars
  Line 7:8:   'logo' is defined but never used  no-unused-vars

./src/pages/home/home.jsx
  Line 4:10:  'Clock' is defined but never used         no-unused-vars
  Line 6:22:  'MarkdownText' is defined but never used  no-unused-vars

Search for the keywords to learn more about each warning.
To ignore, add // eslint-disable-next-line to the line before.

Compiling...
Compiled with warnings.

./src/pages/onlineEdit/onlineEdit.jsx
  Line 23:2:  Useless constructor  no-useless-constructor

./src/App.js
  Line 2:42:  'Link' is defined but never used  no-unused-vars
  Line 7:8:   'logo' is defined but never used  no-unused-vars

./src/pages/home/home.jsx
  Line 4:10:  'Clock' is defined but never used         no-unused-vars
  Line 6:22:  'MarkdownText' is defined but never used  no-unused-vars

Search for the keywords to learn more about each warning.
To ignore, add // eslint-disable-next-line to the line before.

